This file contains any messages produced by compilers while
running configure, to aid debugging if configure makes a mistake.

It was created by darkstat configure 3.0.719, which was
generated by GNU Autoconf 2.69.  Invocation command line was

  $ ./configure 

## --------- ##
## Platform. ##
## --------- ##

hostname = notebooktom
uname -m = x86_64
uname -r = 3.13.0-77-generic
uname -s = Linux
uname -v = #121-Ubuntu SMP Wed Jan 20 10:50:42 UTC 2016

/usr/bin/uname -p = unknown
/bin/uname -X     = unknown

/bin/arch              = unknown
/usr/bin/arch -k       = unknown
/usr/convex/getsysinfo = unknown
/usr/bin/hostinfo      = unknown
/bin/machine           = unknown
/usr/bin/oslevel       = unknown
/bin/universe          = unknown

PATH: /usr/local/sbin
PATH: /usr/local/bin
PATH: /usr/sbin
PATH: /usr/bin
PATH: /sbin
PATH: /bin


## ----------- ##
## Core tests. ##
## ----------- ##

configure:2104: checking for a BSD-compatible install
configure:2172: result: /usr/bin/install -c
configure:2231: checking for gcc
configure:2247: found /usr/bin/gcc
configure:2258: result: gcc
configure:2487: checking for C compiler version
configure:2496: gcc --version >&5
gcc (Ubuntu 4.8.4-2ubuntu1~14.04.1) 4.8.4
Copyright (C) 2013 Free Software Foundation, Inc.
This is free software; see the source for copying conditions.  There is NO
warranty; not even for MERCHANTABILITY or FITNESS FOR A PARTICULAR PURPOSE.

configure:2507: $? = 0
configure:2496: gcc -v >&5
Using built-in specs.
COLLECT_GCC=gcc
COLLECT_LTO_WRAPPER=/usr/lib/gcc/x86_64-linux-gnu/4.8/lto-wrapper
Target: x86_64-linux-gnu
Configured with: ../src/configure -v --with-pkgversion='Ubuntu 4.8.4-2ubuntu1~14.04.1' --with-bugurl=file:///usr/share/doc/gcc-4.8/README.Bugs --enable-languages=c,c++,java,go,d,fortran,objc,obj-c++ --prefix=/usr --program-suffix=-4.8 --enable-shared --enable-linker-build-id --libexecdir=/usr/lib --without-included-gettext --enable-threads=posix --with-gxx-include-dir=/usr/include/c++/4.8 --libdir=/usr/lib --enable-nls --with-sysroot=/ --enable-clocale=gnu --enable-libstdcxx-debug --enable-libstdcxx-time=yes --enable-gnu-unique-object --disable-libmudflap --enable-plugin --with-system-zlib --disable-browser-plugin --enable-java-awt=gtk --enable-gtk-cairo --with-java-home=/usr/lib/jvm/java-1.5.0-gcj-4.8-amd64/jre --enable-java-home --with-jvm-root-dir=/usr/lib/jvm/java-1.5.0-gcj-4.8-amd64 --with-jvm-jar-dir=/usr/lib/jvm-exports/java-1.5.0-gcj-4.8-amd64 --with-arch-directory=amd64 --with-ecj-jar=/usr/share/java/eclipse-ecj.jar --enable-objc-gc --enable-multiarch --disable-werror --with-arch-32=i686 --with-abi=m64 --with-multilib-list=m32,m64,mx32 --with-tune=generic --enable-checking=release --build=x86_64-linux-gnu --host=x86_64-linux-gnu --target=x86_64-linux-gnu
Thread model: posix
gcc version 4.8.4 (Ubuntu 4.8.4-2ubuntu1~14.04.1) 
configure:2507: $? = 0
configure:2496: gcc -V >&5
gcc: error: unrecognized command line option '-V'
gcc: fatal error: no input files
compilation terminated.
configure:2507: $? = 4
configure:2496: gcc -qversion >&5
gcc: error: unrecognized command line option '-qversion'
gcc: fatal error: no input files
compilation terminated.
configure:2507: $? = 4
configure:2527: checking whether the C compiler works
configure:2549: gcc    conftest.c  >&5
configure:2553: $? = 0
configure:2601: result: yes
configure:2604: checking for C compiler default output file name
configure:2606: result: a.out
configure:2612: checking for suffix of executables
configure:2619: gcc -o conftest    conftest.c  >&5
configure:2623: $? = 0
configure:2645: result: 
configure:2667: checking whether we are cross compiling
configure:2675: gcc -o conftest    conftest.c  >&5
configure:2679: $? = 0
configure:2686: ./conftest
configure:2690: $? = 0
configure:2705: result: no
configure:2710: checking for suffix of object files
configure:2732: gcc -c   conftest.c >&5
configure:2736: $? = 0
configure:2757: result: o
configure:2761: checking whether we are using the GNU C compiler
configure:2780: gcc -c   conftest.c >&5
configure:2780: $? = 0
configure:2789: result: yes
configure:2798: checking whether gcc accepts -g
configure:2818: gcc -c -g  conftest.c >&5
configure:2818: $? = 0
configure:2859: result: yes
configure:2876: checking for gcc option to accept ISO C89
configure:2939: gcc  -c -g -O2  conftest.c >&5
configure:2939: $? = 0
configure:2952: result: none needed
configure:2975: checking for C/C++ restrict keyword
configure:3000: gcc -c -g -O2  conftest.c >&5
configure:3000: $? = 0
configure:3008: result: __restrict
configure:3035: checking if we want debug code
configure:3052: result: sure
configure:3060: checking if your C compiler wants a hit off the pipe
configure:3065: result: sure does
configure:3073: checking if your C compiler has a link-time optimizer
configure:3079: result: sure does
configure:3128: checking for deflate in -lz
configure:3153: gcc -o conftest -flto -pipe -g -O2   conftest.c -lz   >&5
configure:3153: $? = 0
configure:3162: result: yes
configure:3193: checking for library containing gethostbyname
configure:3224: gcc -o conftest -flto -pipe -g -O2   conftest.c -lz  >&5
configure:3224: $? = 0
configure:3241: result: none required
configure:3251: checking for library containing socket
configure:3282: gcc -o conftest -flto -pipe -g -O2   conftest.c -lz  >&5
configure:3282: $? = 0
configure:3299: result: none required
configure:3309: checking for library containing hstrerror
configure:3340: gcc -o conftest -flto -pipe -g -O2   conftest.c -lz  >&5
configure:3340: $? = 0
configure:3357: result: none required
configure:3374: checking how to run the C preprocessor
configure:3405: gcc -E  conftest.c
configure:3405: $? = 0
configure:3419: gcc -E  conftest.c
conftest.c:12:28: fatal error: ac_nonexistent.h: No such file or directory
 #include <ac_nonexistent.h>
                            ^
compilation terminated.
configure:3419: $? = 1
configure: failed program was:
| /* confdefs.h */
| #define PACKAGE_NAME "darkstat"
| #define PACKAGE_TARNAME "darkstat"
| #define PACKAGE_VERSION "3.0.719"
| #define PACKAGE_STRING "darkstat 3.0.719"
| #define PACKAGE_BUGREPORT ""
| #define PACKAGE_URL "https://unix4lyfe.org/darkstat/"
| #define PRIVDROP_USER "nobody"
| #define restrict __restrict
| #define HAVE_LIBZ 1
| /* end confdefs.h.  */
| #include <ac_nonexistent.h>
configure:3444: result: gcc -E
configure:3464: gcc -E  conftest.c
configure:3464: $? = 0
configure:3478: gcc -E  conftest.c
conftest.c:12:28: fatal error: ac_nonexistent.h: No such file or directory
 #include <ac_nonexistent.h>
                            ^
compilation terminated.
configure:3478: $? = 1
configure: failed program was:
| /* confdefs.h */
| #define PACKAGE_NAME "darkstat"
| #define PACKAGE_TARNAME "darkstat"
| #define PACKAGE_VERSION "3.0.719"
| #define PACKAGE_STRING "darkstat 3.0.719"
| #define PACKAGE_BUGREPORT ""
| #define PACKAGE_URL "https://unix4lyfe.org/darkstat/"
| #define PRIVDROP_USER "nobody"
| #define restrict __restrict
| #define HAVE_LIBZ 1
| /* end confdefs.h.  */
| #include <ac_nonexistent.h>
configure:3507: checking for grep that handles long lines and -e
configure:3565: result: /bin/grep
configure:3570: checking for egrep
configure:3632: result: /bin/grep -E
configure:3637: checking for ANSI C header files
configure:3657: gcc -c -flto -pipe -g -O2  conftest.c >&5
configure:3657: $? = 0
configure:3730: gcc -o conftest -flto -pipe -g -O2   conftest.c -lz  >&5
configure:3730: $? = 0
configure:3730: ./conftest
configure:3730: $? = 0
configure:3741: result: yes
configure:3754: checking for sys/types.h
configure:3754: gcc -c -flto -pipe -g -O2  conftest.c >&5
configure:3754: $? = 0
configure:3754: result: yes
configure:3754: checking for sys/stat.h
configure:3754: gcc -c -flto -pipe -g -O2  conftest.c >&5
configure:3754: $? = 0
configure:3754: result: yes
configure:3754: checking for stdlib.h
configure:3754: gcc -c -flto -pipe -g -O2  conftest.c >&5
configure:3754: $? = 0
configure:3754: result: yes
configure:3754: checking for string.h
configure:3754: gcc -c -flto -pipe -g -O2  conftest.c >&5
configure:3754: $? = 0
configure:3754: result: yes
configure:3754: checking for memory.h
configure:3754: gcc -c -flto -pipe -g -O2  conftest.c >&5
configure:3754: $? = 0
configure:3754: result: yes
configure:3754: checking for strings.h
configure:3754: gcc -c -flto -pipe -g -O2  conftest.c >&5
configure:3754: $? = 0
configure:3754: result: yes
configure:3754: checking for inttypes.h
configure:3754: gcc -c -flto -pipe -g -O2  conftest.c >&5
configure:3754: $? = 0
configure:3754: result: yes
configure:3754: checking for stdint.h
configure:3754: gcc -c -flto -pipe -g -O2  conftest.c >&5
configure:3754: $? = 0
configure:3754: result: yes
configure:3754: checking for unistd.h
configure:3754: gcc -c -flto -pipe -g -O2  conftest.c >&5
configure:3754: $? = 0
configure:3754: result: yes
configure:3768: checking sys/filio.h usability
configure:3768: gcc -c -flto -pipe -g -O2  conftest.c >&5
conftest.c:55:23: fatal error: sys/filio.h: No such file or directory
 #include <sys/filio.h>
                       ^
compilation terminated.
configure:3768: $? = 1
configure: failed program was:
| /* confdefs.h */
| #define PACKAGE_NAME "darkstat"
| #define PACKAGE_TARNAME "darkstat"
| #define PACKAGE_VERSION "3.0.719"
| #define PACKAGE_STRING "darkstat 3.0.719"
| #define PACKAGE_BUGREPORT ""
| #define PACKAGE_URL "https://unix4lyfe.org/darkstat/"
| #define PRIVDROP_USER "nobody"
| #define restrict __restrict
| #define HAVE_LIBZ 1
| #define STDC_HEADERS 1
| #define HAVE_SYS_TYPES_H 1
| #define HAVE_SYS_STAT_H 1
| #define HAVE_STDLIB_H 1
| #define HAVE_STRING_H 1
| #define HAVE_MEMORY_H 1
| #define HAVE_STRINGS_H 1
| #define HAVE_INTTYPES_H 1
| #define HAVE_STDINT_H 1
| #define HAVE_UNISTD_H 1
| /* end confdefs.h.  */
| #include <stdio.h>
| #ifdef HAVE_SYS_TYPES_H
| # include <sys/types.h>
| #endif
| #ifdef HAVE_SYS_STAT_H
| # include <sys/stat.h>
| #endif
| #ifdef STDC_HEADERS
| # include <stdlib.h>
| # include <stddef.h>
| #else
| # ifdef HAVE_STDLIB_H
| #  include <stdlib.h>
| # endif
| #endif
| #ifdef HAVE_STRING_H
| # if !defined STDC_HEADERS && defined HAVE_MEMORY_H
| #  include <memory.h>
| # endif
| # include <string.h>
| #endif
| #ifdef HAVE_STRINGS_H
| # include <strings.h>
| #endif
| #ifdef HAVE_INTTYPES_H
| # include <inttypes.h>
| #endif
| #ifdef HAVE_STDINT_H
| # include <stdint.h>
| #endif
| #ifdef HAVE_UNISTD_H
| # include <unistd.h>
| #endif
| #include <sys/filio.h>
configure:3768: result: no
configure:3768: checking sys/filio.h presence
configure:3768: gcc -E  conftest.c
conftest.c:22:23: fatal error: sys/filio.h: No such file or directory
 #include <sys/filio.h>
                       ^
compilation terminated.
configure:3768: $? = 1
configure: failed program was:
| /* confdefs.h */
| #define PACKAGE_NAME "darkstat"
| #define PACKAGE_TARNAME "darkstat"
| #define PACKAGE_VERSION "3.0.719"
| #define PACKAGE_STRING "darkstat 3.0.719"
| #define PACKAGE_BUGREPORT ""
| #define PACKAGE_URL "https://unix4lyfe.org/darkstat/"
| #define PRIVDROP_USER "nobody"
| #define restrict __restrict
| #define HAVE_LIBZ 1
| #define STDC_HEADERS 1
| #define HAVE_SYS_TYPES_H 1
| #define HAVE_SYS_STAT_H 1
| #define HAVE_STDLIB_H 1
| #define HAVE_STRING_H 1
| #define HAVE_MEMORY_H 1
| #define HAVE_STRINGS_H 1
| #define HAVE_INTTYPES_H 1
| #define HAVE_STDINT_H 1
| #define HAVE_UNISTD_H 1
| /* end confdefs.h.  */
| #include <sys/filio.h>
configure:3768: result: no
configure:3768: checking for sys/filio.h
configure:3768: result: no
configure:3780: checking for library containing getifaddrs
configure:3811: gcc -o conftest -flto -pipe -g -O2   conftest.c -lz  >&5
configure:3811: $? = 0
configure:3828: result: none required
configure:3835: checking ifaddrs.h usability
configure:3835: gcc -c -flto -pipe -g -O2  conftest.c >&5
configure:3835: $? = 0
configure:3835: result: yes
configure:3835: checking ifaddrs.h presence
configure:3835: gcc -E  conftest.c
configure:3835: $? = 0
configure:3835: result: yes
configure:3835: checking for ifaddrs.h
configure:3835: result: yes
configure:3853: checking sys/sockio.h usability
configure:3853: gcc -c -flto -pipe -g -O2  conftest.c >&5
conftest.c:56:24: fatal error: sys/sockio.h: No such file or directory
 #include <sys/sockio.h>
                        ^
compilation terminated.
configure:3853: $? = 1
configure: failed program was:
| /* confdefs.h */
| #define PACKAGE_NAME "darkstat"
| #define PACKAGE_TARNAME "darkstat"
| #define PACKAGE_VERSION "3.0.719"
| #define PACKAGE_STRING "darkstat 3.0.719"
| #define PACKAGE_BUGREPORT ""
| #define PACKAGE_URL "https://unix4lyfe.org/darkstat/"
| #define PRIVDROP_USER "nobody"
| #define restrict __restrict
| #define HAVE_LIBZ 1
| #define STDC_HEADERS 1
| #define HAVE_SYS_TYPES_H 1
| #define HAVE_SYS_STAT_H 1
| #define HAVE_STDLIB_H 1
| #define HAVE_STRING_H 1
| #define HAVE_MEMORY_H 1
| #define HAVE_STRINGS_H 1
| #define HAVE_INTTYPES_H 1
| #define HAVE_STDINT_H 1
| #define HAVE_UNISTD_H 1
| #define HAVE_IFADDRS_H 1
| /* end confdefs.h.  */
| #include <stdio.h>
| #ifdef HAVE_SYS_TYPES_H
| # include <sys/types.h>
| #endif
| #ifdef HAVE_SYS_STAT_H
| # include <sys/stat.h>
| #endif
| #ifdef STDC_HEADERS
| # include <stdlib.h>
| # include <stddef.h>
| #else
| # ifdef HAVE_STDLIB_H
| #  include <stdlib.h>
| # endif
| #endif
| #ifdef HAVE_STRING_H
| # if !defined STDC_HEADERS && defined HAVE_MEMORY_H
| #  include <memory.h>
| # endif
| # include <string.h>
| #endif
| #ifdef HAVE_STRINGS_H
| # include <strings.h>
| #endif
| #ifdef HAVE_INTTYPES_H
| # include <inttypes.h>
| #endif
| #ifdef HAVE_STDINT_H
| # include <stdint.h>
| #endif
| #ifdef HAVE_UNISTD_H
| # include <unistd.h>
| #endif
| #include <sys/sockio.h>
configure:3853: result: no
configure:3853: checking sys/sockio.h presence
configure:3853: gcc -E  conftest.c
conftest.c:23:24: fatal error: sys/sockio.h: No such file or directory
 #include <sys/sockio.h>
                        ^
compilation terminated.
configure:3853: $? = 1
configure: failed program was:
| /* confdefs.h */
| #define PACKAGE_NAME "darkstat"
| #define PACKAGE_TARNAME "darkstat"
| #define PACKAGE_VERSION "3.0.719"
| #define PACKAGE_STRING "darkstat 3.0.719"
| #define PACKAGE_BUGREPORT ""
| #define PACKAGE_URL "https://unix4lyfe.org/darkstat/"
| #define PRIVDROP_USER "nobody"
| #define restrict __restrict
| #define HAVE_LIBZ 1
| #define STDC_HEADERS 1
| #define HAVE_SYS_TYPES_H 1
| #define HAVE_SYS_STAT_H 1
| #define HAVE_STDLIB_H 1
| #define HAVE_STRING_H 1
| #define HAVE_MEMORY_H 1
| #define HAVE_STRINGS_H 1
| #define HAVE_INTTYPES_H 1
| #define HAVE_STDINT_H 1
| #define HAVE_UNISTD_H 1
| #define HAVE_IFADDRS_H 1
| /* end confdefs.h.  */
| #include <sys/sockio.h>
configure:3853: result: no
configure:3853: checking for sys/sockio.h
configure:3853: result: no
configure:3885: checking for pcap_loop in -lpcap
configure:3910: gcc -o conftest -flto -pipe -g -O2   conftest.c -lpcap  -lz  >&5
configure:3910: $? = 0
configure:3919: result: yes
configure:3936: checking pcap.h usability
configure:3936: gcc -c -flto -pipe -g -O2  conftest.c >&5
configure:3936: $? = 0
configure:3936: result: yes
configure:3936: checking pcap.h presence
configure:3936: gcc -E  conftest.c
configure:3936: $? = 0
configure:3936: result: yes
configure:3936: checking for pcap.h
configure:3936: result: yes
configure:3990: checking for library containing setproctitle
configure:4021: gcc -o conftest -flto -pipe -g -O2   conftest.c -lpcap -lz  >&5
/tmp/ccUgOR7p.ltrans0.ltrans.o: In function `main':
/home/tom/Bureau/darkstat/sources/conftest.c:36: undefined reference to `setproctitle'
collect2: error: ld returned 1 exit status
configure:4021: $? = 1
configure: failed program was:
| /* confdefs.h */
| #define PACKAGE_NAME "darkstat"
| #define PACKAGE_TARNAME "darkstat"
| #define PACKAGE_VERSION "3.0.719"
| #define PACKAGE_STRING "darkstat 3.0.719"
| #define PACKAGE_BUGREPORT ""
| #define PACKAGE_URL "https://unix4lyfe.org/darkstat/"
| #define PRIVDROP_USER "nobody"
| #define restrict __restrict
| #define HAVE_LIBZ 1
| #define STDC_HEADERS 1
| #define HAVE_SYS_TYPES_H 1
| #define HAVE_SYS_STAT_H 1
| #define HAVE_STDLIB_H 1
| #define HAVE_STRING_H 1
| #define HAVE_MEMORY_H 1
| #define HAVE_STRINGS_H 1
| #define HAVE_INTTYPES_H 1
| #define HAVE_STDINT_H 1
| #define HAVE_UNISTD_H 1
| #define HAVE_IFADDRS_H 1
| #define HAVE_LIBPCAP 1
| #define HAVE_PCAP_H 1
| /* end confdefs.h.  */
| 
| /* Override any GCC internal prototype to avoid an error.
|    Use char because int might match the return type of a GCC
|    builtin and then its argument prototype would still apply.  */
| #ifdef __cplusplus
| extern "C"
| #endif
| char setproctitle ();
| int
| main ()
| {
| return setproctitle ();
|   ;
|   return 0;
| }
configure:4021: gcc -o conftest -flto -pipe -g -O2   conftest.c -lbsd  -lpcap -lz  >&5
/usr/bin/ld: cannot find -lbsd
collect2: error: ld returned 1 exit status
configure:4021: $? = 1
configure: failed program was:
| /* confdefs.h */
| #define PACKAGE_NAME "darkstat"
| #define PACKAGE_TARNAME "darkstat"
| #define PACKAGE_VERSION "3.0.719"
| #define PACKAGE_STRING "darkstat 3.0.719"
| #define PACKAGE_BUGREPORT ""
| #define PACKAGE_URL "https://unix4lyfe.org/darkstat/"
| #define PRIVDROP_USER "nobody"
| #define restrict __restrict
| #define HAVE_LIBZ 1
| #define STDC_HEADERS 1
| #define HAVE_SYS_TYPES_H 1
| #define HAVE_SYS_STAT_H 1
| #define HAVE_STDLIB_H 1
| #define HAVE_STRING_H 1
| #define HAVE_MEMORY_H 1
| #define HAVE_STRINGS_H 1
| #define HAVE_INTTYPES_H 1
| #define HAVE_STDINT_H 1
| #define HAVE_UNISTD_H 1
| #define HAVE_IFADDRS_H 1
| #define HAVE_LIBPCAP 1
| #define HAVE_PCAP_H 1
| /* end confdefs.h.  */
| 
| /* Override any GCC internal prototype to avoid an error.
|    Use char because int might match the return type of a GCC
|    builtin and then its argument prototype would still apply.  */
| #ifdef __cplusplus
| extern "C"
| #endif
| char setproctitle ();
| int
| main ()
| {
| return setproctitle ();
|   ;
|   return 0;
| }
configure:4038: result: no
configure:4048: checking for library containing strlcpy
configure:4079: gcc -o conftest -flto -pipe -g -O2   conftest.c -lpcap -lz  >&5
/tmp/ccyuTA0B.ltrans0.ltrans.o: In function `main':
/home/tom/Bureau/darkstat/sources/conftest.c:36: undefined reference to `strlcpy'
collect2: error: ld returned 1 exit status
configure:4079: $? = 1
configure: failed program was:
| /* confdefs.h */
| #define PACKAGE_NAME "darkstat"
| #define PACKAGE_TARNAME "darkstat"
| #define PACKAGE_VERSION "3.0.719"
| #define PACKAGE_STRING "darkstat 3.0.719"
| #define PACKAGE_BUGREPORT ""
| #define PACKAGE_URL "https://unix4lyfe.org/darkstat/"
| #define PRIVDROP_USER "nobody"
| #define restrict __restrict
| #define HAVE_LIBZ 1
| #define STDC_HEADERS 1
| #define HAVE_SYS_TYPES_H 1
| #define HAVE_SYS_STAT_H 1
| #define HAVE_STDLIB_H 1
| #define HAVE_STRING_H 1
| #define HAVE_MEMORY_H 1
| #define HAVE_STRINGS_H 1
| #define HAVE_INTTYPES_H 1
| #define HAVE_STDINT_H 1
| #define HAVE_UNISTD_H 1
| #define HAVE_IFADDRS_H 1
| #define HAVE_LIBPCAP 1
| #define HAVE_PCAP_H 1
| /* end confdefs.h.  */
| 
| /* Override any GCC internal prototype to avoid an error.
|    Use char because int might match the return type of a GCC
|    builtin and then its argument prototype would still apply.  */
| #ifdef __cplusplus
| extern "C"
| #endif
| char strlcpy ();
| int
| main ()
| {
| return strlcpy ();
|   ;
|   return 0;
| }
configure:4079: gcc -o conftest -flto -pipe -g -O2   conftest.c -lbsd  -lpcap -lz  >&5
/usr/bin/ld: cannot find -lbsd
collect2: error: ld returned 1 exit status
configure:4079: $? = 1
configure: failed program was:
| /* confdefs.h */
| #define PACKAGE_NAME "darkstat"
| #define PACKAGE_TARNAME "darkstat"
| #define PACKAGE_VERSION "3.0.719"
| #define PACKAGE_STRING "darkstat 3.0.719"
| #define PACKAGE_BUGREPORT ""
| #define PACKAGE_URL "https://unix4lyfe.org/darkstat/"
| #define PRIVDROP_USER "nobody"
| #define restrict __restrict
| #define HAVE_LIBZ 1
| #define STDC_HEADERS 1
| #define HAVE_SYS_TYPES_H 1
| #define HAVE_SYS_STAT_H 1
| #define HAVE_STDLIB_H 1
| #define HAVE_STRING_H 1
| #define HAVE_MEMORY_H 1
| #define HAVE_STRINGS_H 1
| #define HAVE_INTTYPES_H 1
| #define HAVE_STDINT_H 1
| #define HAVE_UNISTD_H 1
| #define HAVE_IFADDRS_H 1
| #define HAVE_LIBPCAP 1
| #define HAVE_PCAP_H 1
| /* end confdefs.h.  */
| 
| /* Override any GCC internal prototype to avoid an error.
|    Use char because int might match the return type of a GCC
|    builtin and then its argument prototype would still apply.  */
| #ifdef __cplusplus
| extern "C"
| #endif
| char strlcpy ();
| int
| main ()
| {
| return strlcpy ();
|   ;
|   return 0;
| }
configure:4096: result: no
configure:4106: checking for library containing strlcat
configure:4137: gcc -o conftest -flto -pipe -g -O2   conftest.c -lpcap -lz  >&5
/tmp/ccrTMtkM.ltrans0.ltrans.o: In function `main':
/home/tom/Bureau/darkstat/sources/conftest.c:36: undefined reference to `strlcat'
collect2: error: ld returned 1 exit status
configure:4137: $? = 1
configure: failed program was:
| /* confdefs.h */
| #define PACKAGE_NAME "darkstat"
| #define PACKAGE_TARNAME "darkstat"
| #define PACKAGE_VERSION "3.0.719"
| #define PACKAGE_STRING "darkstat 3.0.719"
| #define PACKAGE_BUGREPORT ""
| #define PACKAGE_URL "https://unix4lyfe.org/darkstat/"
| #define PRIVDROP_USER "nobody"
| #define restrict __restrict
| #define HAVE_LIBZ 1
| #define STDC_HEADERS 1
| #define HAVE_SYS_TYPES_H 1
| #define HAVE_SYS_STAT_H 1
| #define HAVE_STDLIB_H 1
| #define HAVE_STRING_H 1
| #define HAVE_MEMORY_H 1
| #define HAVE_STRINGS_H 1
| #define HAVE_INTTYPES_H 1
| #define HAVE_STDINT_H 1
| #define HAVE_UNISTD_H 1
| #define HAVE_IFADDRS_H 1
| #define HAVE_LIBPCAP 1
| #define HAVE_PCAP_H 1
| /* end confdefs.h.  */
| 
| /* Override any GCC internal prototype to avoid an error.
|    Use char because int might match the return type of a GCC
|    builtin and then its argument prototype would still apply.  */
| #ifdef __cplusplus
| extern "C"
| #endif
| char strlcat ();
| int
| main ()
| {
| return strlcat ();
|   ;
|   return 0;
| }
configure:4137: gcc -o conftest -flto -pipe -g -O2   conftest.c -lbsd  -lpcap -lz  >&5
/usr/bin/ld: cannot find -lbsd
collect2: error: ld returned 1 exit status
configure:4137: $? = 1
configure: failed program was:
| /* confdefs.h */
| #define PACKAGE_NAME "darkstat"
| #define PACKAGE_TARNAME "darkstat"
| #define PACKAGE_VERSION "3.0.719"
| #define PACKAGE_STRING "darkstat 3.0.719"
| #define PACKAGE_BUGREPORT ""
| #define PACKAGE_URL "https://unix4lyfe.org/darkstat/"
| #define PRIVDROP_USER "nobody"
| #define restrict __restrict
| #define HAVE_LIBZ 1
| #define STDC_HEADERS 1
| #define HAVE_SYS_TYPES_H 1
| #define HAVE_SYS_STAT_H 1
| #define HAVE_STDLIB_H 1
| #define HAVE_STRING_H 1
| #define HAVE_MEMORY_H 1
| #define HAVE_STRINGS_H 1
| #define HAVE_INTTYPES_H 1
| #define HAVE_STDINT_H 1
| #define HAVE_UNISTD_H 1
| #define HAVE_IFADDRS_H 1
| #define HAVE_LIBPCAP 1
| #define HAVE_PCAP_H 1
| /* end confdefs.h.  */
| 
| /* Override any GCC internal prototype to avoid an error.
|    Use char because int might match the return type of a GCC
|    builtin and then its argument prototype would still apply.  */
| #ifdef __cplusplus
| extern "C"
| #endif
| char strlcat ();
| int
| main ()
| {
| return strlcat ();
|   ;
|   return 0;
| }
configure:4154: result: no
configure:4167: checking bsd/string.h usability
configure:4167: gcc -c -flto -pipe -g -O2  conftest.c >&5
conftest.c:58:24: fatal error: bsd/string.h: No such file or directory
 #include <bsd/string.h>
                        ^
compilation terminated.
configure:4167: $? = 1
configure: failed program was:
| /* confdefs.h */
| #define PACKAGE_NAME "darkstat"
| #define PACKAGE_TARNAME "darkstat"
| #define PACKAGE_VERSION "3.0.719"
| #define PACKAGE_STRING "darkstat 3.0.719"
| #define PACKAGE_BUGREPORT ""
| #define PACKAGE_URL "https://unix4lyfe.org/darkstat/"
| #define PRIVDROP_USER "nobody"
| #define restrict __restrict
| #define HAVE_LIBZ 1
| #define STDC_HEADERS 1
| #define HAVE_SYS_TYPES_H 1
| #define HAVE_SYS_STAT_H 1
| #define HAVE_STDLIB_H 1
| #define HAVE_STRING_H 1
| #define HAVE_MEMORY_H 1
| #define HAVE_STRINGS_H 1
| #define HAVE_INTTYPES_H 1
| #define HAVE_STDINT_H 1
| #define HAVE_UNISTD_H 1
| #define HAVE_IFADDRS_H 1
| #define HAVE_LIBPCAP 1
| #define HAVE_PCAP_H 1
| /* end confdefs.h.  */
| #include <stdio.h>
| #ifdef HAVE_SYS_TYPES_H
| # include <sys/types.h>
| #endif
| #ifdef HAVE_SYS_STAT_H
| # include <sys/stat.h>
| #endif
| #ifdef STDC_HEADERS
| # include <stdlib.h>
| # include <stddef.h>
| #else
| # ifdef HAVE_STDLIB_H
| #  include <stdlib.h>
| # endif
| #endif
| #ifdef HAVE_STRING_H
| # if !defined STDC_HEADERS && defined HAVE_MEMORY_H
| #  include <memory.h>
| # endif
| # include <string.h>
| #endif
| #ifdef HAVE_STRINGS_H
| # include <strings.h>
| #endif
| #ifdef HAVE_INTTYPES_H
| # include <inttypes.h>
| #endif
| #ifdef HAVE_STDINT_H
| # include <stdint.h>
| #endif
| #ifdef HAVE_UNISTD_H
| # include <unistd.h>
| #endif
| #include <bsd/string.h>
configure:4167: result: no
configure:4167: checking bsd/string.h presence
configure:4167: gcc -E  conftest.c
conftest.c:25:24: fatal error: bsd/string.h: No such file or directory
 #include <bsd/string.h>
                        ^
compilation terminated.
configure:4167: $? = 1
configure: failed program was:
| /* confdefs.h */
| #define PACKAGE_NAME "darkstat"
| #define PACKAGE_TARNAME "darkstat"
| #define PACKAGE_VERSION "3.0.719"
| #define PACKAGE_STRING "darkstat 3.0.719"
| #define PACKAGE_BUGREPORT ""
| #define PACKAGE_URL "https://unix4lyfe.org/darkstat/"
| #define PRIVDROP_USER "nobody"
| #define restrict __restrict
| #define HAVE_LIBZ 1
| #define STDC_HEADERS 1
| #define HAVE_SYS_TYPES_H 1
| #define HAVE_SYS_STAT_H 1
| #define HAVE_STDLIB_H 1
| #define HAVE_STRING_H 1
| #define HAVE_MEMORY_H 1
| #define HAVE_STRINGS_H 1
| #define HAVE_INTTYPES_H 1
| #define HAVE_STDINT_H 1
| #define HAVE_UNISTD_H 1
| #define HAVE_IFADDRS_H 1
| #define HAVE_LIBPCAP 1
| #define HAVE_PCAP_H 1
| /* end confdefs.h.  */
| #include <bsd/string.h>
configure:4167: result: no
configure:4167: checking for bsd/string.h
configure:4167: result: no
configure:4179: checking bsd/unistd.h usability
configure:4179: gcc -c -flto -pipe -g -O2  conftest.c >&5
conftest.c:58:24: fatal error: bsd/unistd.h: No such file or directory
 #include <bsd/unistd.h>
                        ^
compilation terminated.
configure:4179: $? = 1
configure: failed program was:
| /* confdefs.h */
| #define PACKAGE_NAME "darkstat"
| #define PACKAGE_TARNAME "darkstat"
| #define PACKAGE_VERSION "3.0.719"
| #define PACKAGE_STRING "darkstat 3.0.719"
| #define PACKAGE_BUGREPORT ""
| #define PACKAGE_URL "https://unix4lyfe.org/darkstat/"
| #define PRIVDROP_USER "nobody"
| #define restrict __restrict
| #define HAVE_LIBZ 1
| #define STDC_HEADERS 1
| #define HAVE_SYS_TYPES_H 1
| #define HAVE_SYS_STAT_H 1
| #define HAVE_STDLIB_H 1
| #define HAVE_STRING_H 1
| #define HAVE_MEMORY_H 1
| #define HAVE_STRINGS_H 1
| #define HAVE_INTTYPES_H 1
| #define HAVE_STDINT_H 1
| #define HAVE_UNISTD_H 1
| #define HAVE_IFADDRS_H 1
| #define HAVE_LIBPCAP 1
| #define HAVE_PCAP_H 1
| /* end confdefs.h.  */
| #include <stdio.h>
| #ifdef HAVE_SYS_TYPES_H
| # include <sys/types.h>
| #endif
| #ifdef HAVE_SYS_STAT_H
| # include <sys/stat.h>
| #endif
| #ifdef STDC_HEADERS
| # include <stdlib.h>
| # include <stddef.h>
| #else
| # ifdef HAVE_STDLIB_H
| #  include <stdlib.h>
| # endif
| #endif
| #ifdef HAVE_STRING_H
| # if !defined STDC_HEADERS && defined HAVE_MEMORY_H
| #  include <memory.h>
| # endif
| # include <string.h>
| #endif
| #ifdef HAVE_STRINGS_H
| # include <strings.h>
| #endif
| #ifdef HAVE_INTTYPES_H
| # include <inttypes.h>
| #endif
| #ifdef HAVE_STDINT_H
| # include <stdint.h>
| #endif
| #ifdef HAVE_UNISTD_H
| # include <unistd.h>
| #endif
| #include <bsd/unistd.h>
configure:4179: result: no
configure:4179: checking bsd/unistd.h presence
configure:4179: gcc -E  conftest.c
conftest.c:25:24: fatal error: bsd/unistd.h: No such file or directory
 #include <bsd/unistd.h>
                        ^
compilation terminated.
configure:4179: $? = 1
configure: failed program was:
| /* confdefs.h */
| #define PACKAGE_NAME "darkstat"
| #define PACKAGE_TARNAME "darkstat"
| #define PACKAGE_VERSION "3.0.719"
| #define PACKAGE_STRING "darkstat 3.0.719"
| #define PACKAGE_BUGREPORT ""
| #define PACKAGE_URL "https://unix4lyfe.org/darkstat/"
| #define PRIVDROP_USER "nobody"
| #define restrict __restrict
| #define HAVE_LIBZ 1
| #define STDC_HEADERS 1
| #define HAVE_SYS_TYPES_H 1
| #define HAVE_SYS_STAT_H 1
| #define HAVE_STDLIB_H 1
| #define HAVE_STRING_H 1
| #define HAVE_MEMORY_H 1
| #define HAVE_STRINGS_H 1
| #define HAVE_INTTYPES_H 1
| #define HAVE_STDINT_H 1
| #define HAVE_UNISTD_H 1
| #define HAVE_IFADDRS_H 1
| #define HAVE_LIBPCAP 1
| #define HAVE_PCAP_H 1
| /* end confdefs.h.  */
| #include <bsd/unistd.h>
configure:4179: result: no
configure:4179: checking for bsd/unistd.h
configure:4179: result: no
configure:4190: checking for library containing clock_gettime
configure:4221: gcc -o conftest -flto -pipe -g -O2   conftest.c -lpcap -lz  >&5
configure:4221: $? = 0
configure:4238: result: none required
configure:4363: creating ./config.status

## ---------------------- ##
## Running config.status. ##
## ---------------------- ##

This file was extended by darkstat config.status 3.0.719, which was
generated by GNU Autoconf 2.69.  Invocation command line was

  CONFIG_FILES    = 
  CONFIG_HEADERS  = 
  CONFIG_LINKS    = 
  CONFIG_COMMANDS = 
  $ ./config.status 

on notebooktom

config.status:810: creating Makefile
config.status:810: creating darkstat.8
config.status:810: creating config.h
config.status:985: config.h is unchanged

## ---------------- ##
## Cache variables. ##
## ---------------- ##

ac_cv_c_compiler_gnu=yes
ac_cv_c_restrict=__restrict
ac_cv_env_CC_set=
ac_cv_env_CC_value=
ac_cv_env_CFLAGS_set=
ac_cv_env_CFLAGS_value=
ac_cv_env_CPPFLAGS_set=
ac_cv_env_CPPFLAGS_value=
ac_cv_env_CPP_set=
ac_cv_env_CPP_value=
ac_cv_env_LDFLAGS_set=
ac_cv_env_LDFLAGS_value=
ac_cv_env_LIBS_set=
ac_cv_env_LIBS_value=
ac_cv_env_build_alias_set=
ac_cv_env_build_alias_value=
ac_cv_env_host_alias_set=
ac_cv_env_host_alias_value=
ac_cv_env_target_alias_set=
ac_cv_env_target_alias_value=
ac_cv_header_bsd_string_h=no
ac_cv_header_bsd_unistd_h=no
ac_cv_header_ifaddrs_h=yes
ac_cv_header_inttypes_h=yes
ac_cv_header_memory_h=yes
ac_cv_header_pcap_h=yes
ac_cv_header_stdc=yes
ac_cv_header_stdint_h=yes
ac_cv_header_stdlib_h=yes
ac_cv_header_string_h=yes
ac_cv_header_strings_h=yes
ac_cv_header_sys_filio_h=no
ac_cv_header_sys_sockio_h=no
ac_cv_header_sys_stat_h=yes
ac_cv_header_sys_types_h=yes
ac_cv_header_unistd_h=yes
ac_cv_lib_pcap_pcap_loop=yes
ac_cv_lib_z_deflate=yes
ac_cv_objext=o
ac_cv_path_EGREP='/bin/grep -E'
ac_cv_path_GREP=/bin/grep
ac_cv_path_install='/usr/bin/install -c'
ac_cv_prog_CPP='gcc -E'
ac_cv_prog_ac_ct_CC=gcc
ac_cv_prog_cc_c89=
ac_cv_prog_cc_g=yes
ac_cv_search_clock_gettime='none required'
ac_cv_search_gethostbyname='none required'
ac_cv_search_getifaddrs='none required'
ac_cv_search_hstrerror='none required'
ac_cv_search_setproctitle=no
ac_cv_search_socket='none required'
ac_cv_search_strlcat=no
ac_cv_search_strlcpy=no

## ----------------- ##
## Output variables. ##
## ----------------- ##

AM_DEFAULT_VERBOSITY='0'
CC='gcc'
CFLAGS='-flto -pipe -g -O2'
CPP='gcc -E'
CPPFLAGS=''
DEFS='-DHAVE_CONFIG_H'
ECHO_C=''
ECHO_N='-n'
ECHO_T=''
EGREP='/bin/grep -E'
EXEEXT=''
GREP='/bin/grep'
INSTALL_DATA='${INSTALL} -m 644'
INSTALL_PROGRAM='${INSTALL}'
INSTALL_SCRIPT='${INSTALL}'
LDFLAGS=''
LIBOBJS=''
LIBS='-lpcap -lz '
LTLIBOBJS=''
OBJEXT='o'
PACKAGE_BUGREPORT=''
PACKAGE_NAME='darkstat'
PACKAGE_STRING='darkstat 3.0.719'
PACKAGE_TARNAME='darkstat'
PACKAGE_URL='https://unix4lyfe.org/darkstat/'
PACKAGE_VERSION='3.0.719'
PATH_SEPARATOR=':'
SHELL='/bin/bash'
ac_ct_CC='gcc'
bindir='${exec_prefix}/bin'
build_alias=''
datadir='${datarootdir}'
datarootdir='${prefix}/share'
docdir='${datarootdir}/doc/${PACKAGE_TARNAME}'
dvidir='${docdir}'
exec_prefix='${prefix}'
host_alias=''
htmldir='${docdir}'
includedir='${prefix}/include'
infodir='${datarootdir}/info'
libdir='${exec_prefix}/lib'
libexecdir='${exec_prefix}/libexec'
localedir='${datarootdir}/locale'
localstatedir='${prefix}/var'
mandir='${datarootdir}/man'
oldincludedir='/usr/include'
pdfdir='${docdir}'
prefix='/usr/local'
program_transform_name='s,x,x,'
psdir='${docdir}'
sbindir='${exec_prefix}/sbin'
sharedstatedir='${prefix}/com'
sysconfdir='${prefix}/etc'
target_alias=''

## ----------- ##
## confdefs.h. ##
## ----------- ##

/* confdefs.h */
#define PACKAGE_NAME "darkstat"
#define PACKAGE_TARNAME "darkstat"
#define PACKAGE_VERSION "3.0.719"
#define PACKAGE_STRING "darkstat 3.0.719"
#define PACKAGE_BUGREPORT ""
#define PACKAGE_URL "https://unix4lyfe.org/darkstat/"
#define PRIVDROP_USER "nobody"
#define restrict __restrict
#define HAVE_LIBZ 1
#define STDC_HEADERS 1
#define HAVE_SYS_TYPES_H 1
#define HAVE_SYS_STAT_H 1
#define HAVE_STDLIB_H 1
#define HAVE_STRING_H 1
#define HAVE_MEMORY_H 1
#define HAVE_STRINGS_H 1
#define HAVE_INTTYPES_H 1
#define HAVE_STDINT_H 1
#define HAVE_UNISTD_H 1
#define HAVE_IFADDRS_H 1
#define HAVE_LIBPCAP 1
#define HAVE_PCAP_H 1

configure: exit 0
